Using pre-set license
Built from '2020.3/staging' branch; Version is '2020.3.0f1 (c7b5465681fb) revision 13088070'; Using compiler version '192528614'; Build Type 'Release'
OS: 'Windows 10 Home; OS build 19041.867; Version 2004; 64bit' Language: 'en' Physical Memory: 16335 MB
BatchMode: 1, IsHumanControllingUs: 0, StartBugReporterOnCrash: 0, Is64bit: 1, IsPro: 0

 COMMAND LINE ARGUMENTS:
C:\Program Files\Unity\Hub\Editor\2020.3.0f1\Editor\Unity.exe
-adb2
-batchMode
-noUpm
-name
AssetImportWorker0
-projectPath
C:/Users/Daniel/Documents/GitHub/Misc-Testing
-logFile
Logs/AssetImportWorker0.log
-srvPort
55886
Successfully changed project path to: C:/Users/Daniel/Documents/GitHub/Misc-Testing
C:/Users/Daniel/Documents/GitHub/Misc-Testing
Using Asset Import Pipeline V2.
Refreshing native plugins compatible for Editor in 57.50 ms, found 0 plugins.
Preloading 0 native plugins for Editor in 0.00 ms.
Initialize engine version: 2020.3.0f1 (c7b5465681fb)
[Subsystems] Discovering subsystems at path C:/Program Files/Unity/Hub/Editor/2020.3.0f1/Editor/Data/Resources/UnitySubsystems
[Subsystems] Discovering subsystems at path C:/Users/Daniel/Documents/GitHub/Misc-Testing/Assets
GfxDevice: creating device client; threaded=0
Direct3D:
    Version:  Direct3D 11.0 [level 11.1]
    Renderer: NVIDIA GeForce GTX 1070 (ID=0x1b81)
    Vendor:   
    VRAM:     8088 MB
    Driver:   27.21.14.6172
Initialize mono
Mono path[0] = 'C:/Program Files/Unity/Hub/Editor/2020.3.0f1/Editor/Data/Managed'
Mono path[1] = 'C:/Program Files/Unity/Hub/Editor/2020.3.0f1/Editor/Data/MonoBleedingEdge/lib/mono/unityjit'
Mono config path = 'C:/Program Files/Unity/Hub/Editor/2020.3.0f1/Editor/Data/MonoBleedingEdge/etc'
Using monoOptions --debugger-agent=transport=dt_socket,embedding=1,server=y,suspend=n,address=127.0.0.1:56788
Begin MonoManager ReloadAssembly
Registering precompiled unity dll's ...
Register platform support module: C:/Program Files/Unity/Hub/Editor/2020.3.0f1/Editor/Data/PlaybackEngines/WebGLSupport/UnityEditor.WebGL.Extensions.dll
Register platform support module: C:/Program Files/Unity/Hub/Editor/2020.3.0f1/Editor/Data/PlaybackEngines/WindowsStandaloneSupport/UnityEditor.WindowsStandalone.Extensions.dll
Registered in 0.003753 seconds.
Native extension for WindowsStandalone target not found
Native extension for WebGL target not found
Refreshing native plugins compatible for Editor in 56.07 ms, found 0 plugins.
Preloading 0 native plugins for Editor in 0.00 ms.
Invoked RoslynAnalysisRunner static constructor.
RoslynAnalysisRunner will not be running.
RoslynAnalysisRunner has terminated.
Mono: successfully reloaded assembly
- Completed reload, in  2.844 seconds
Platform modules already initialized, skipping
Registering precompiled user dll's ...
Registered in 0.008671 seconds.
Begin MonoManager ReloadAssembly
Native extension for WindowsStandalone target not found
Native extension for WebGL target not found
Refreshing native plugins compatible for Editor in 0.53 ms, found 0 plugins.
Preloading 0 native plugins for Editor in 0.00 ms.
Invoked RoslynAnalysisRunner static constructor.
RoslynAnalysisRunner will not be running.
RoslynAnalysisRunner has terminated.
Find all reader and writers took 97 milliseconds
Script Module: UnityEngine.UI.dll
Weave sync objects took 7 milliseconds
Weave behaviours and messages took25 milliseconds
Find all reader and writers took 84 milliseconds
Script Module: UnityEngine.TestRunner.dll
Weave sync objects took 7 milliseconds
Weave behaviours and messages took11 milliseconds
Find all reader and writers took 79 milliseconds
Script Module: UnityEngine.XR.LegacyInputHelpers.dll
Weave sync objects took 16 milliseconds
Weave behaviours and messages took17 milliseconds
Find all reader and writers took 82 milliseconds
Script Module: Unity.Timeline.dll
Weave sync objects took 5 milliseconds
Weave behaviours and messages took6 milliseconds
Find all reader and writers took 82 milliseconds
Script Module: Mirror.Examples.dll
Weave sync objects took 15 milliseconds
[CreatePlayerMessage] MessageClassProcessor Start
[CreatePlayerMessage]   GenerateSerialization
[CreatePlayerMessage]   GenerateDeserialization
[CreatePlayerMessage] MessageClassProcessor Done
Weave behaviours and messages took33 milliseconds
  ProcessSitesModule Mirror.Examples.dll elapsed time:00:00:00.0190174
Find all reader and writers took 85 milliseconds
Script Module: Assembly-CSharp.dll
[SyncListUnit] SyncObjectProcessor Start item:Mirror.NetworkIdentity
[SyncListUnit]   GenerateSerialization
[SyncListUnit]   GenerateDeserialization
[SyncListUnit] SyncObjectProcessor Done
Weave sync objects took 26 milliseconds
Weave behaviours and messages took37 milliseconds
  ProcessSitesModule Assembly-CSharp.dll elapsed time:00:00:00.0320291
Find all reader and writers took 71 milliseconds
Script Module: Mirror.Components.dll
Weave sync objects took 6 milliseconds
[NetworkVisibility] Found NetworkBehaviour Mirror.NetworkVisibility
[NetworkVisibility] NetworkBehaviourProcessor
[NetworkVisibility] Process Start
[NetworkVisibility]   GenerateSerialization
[NetworkVisibility]   GenerateDeSerialization
[NetworkVisibility] Process Done
[ServerRequest] MessageClassProcessor Start
[ServerRequest]   GenerateSerialization
[ServerRequest]   GenerateDeserialization
[ServerRequest] MessageClassProcessor Done
[ServerResponse] MessageClassProcessor Start
[ServerResponse]   GenerateSerialization
[ServerResponse]   GenerateDeserialization
[ServerResponse] MessageClassProcessor Done
Weave behaviours and messages took17 milliseconds
  ProcessSitesModule Mirror.Components.dll elapsed time:00:00:00.0080165
Find all reader and writers took 73 milliseconds
Script Module: Unity.TextMeshPro.dll
Weave sync objects took 23 milliseconds
Weave behaviours and messages took28 milliseconds
Find all reader and writers took 86 milliseconds
Script Module: Unity.Postprocessing.Runtime.dll
Weave sync objects took 5 milliseconds
Weave behaviours and messages took6 milliseconds
Find all reader and writers took 82 milliseconds
Script Module: com.unity.multiplayer-hlapi.Runtime.dll
Weave sync objects took 5 milliseconds
Weave behaviours and messages took17 milliseconds
Find all reader and writers took 80 milliseconds
Script Module: Ninja.WebSockets.dll
Weave sync objects took 2 milliseconds
Weave behaviours and messages took3 milliseconds
Find all reader and writers took 72 milliseconds
Script Module: Mirror.Authenticators.dll
Weave sync objects took 6 milliseconds
[AuthRequestMessage] MessageClassProcessor Start
[AuthRequestMessage]   GenerateSerialization
[AuthRequestMessage]   GenerateDeserialization
[AuthRequestMessage] MessageClassProcessor Done
[AuthResponseMessage] MessageClassProcessor Start
[AuthResponseMessage]   GenerateSerialization
[AuthResponseMessage]   GenerateDeserialization
[AuthResponseMessage] MessageClassProcessor Done
Weave behaviours and messages took7 milliseconds
  ProcessSitesModule Mirror.Authenticators.dll elapsed time:00:00:00
Find all reader and writers took 71 milliseconds
Script Module: UnityEngine.SpatialTracking.dll
Weave sync objects took 5 milliseconds
Weave behaviours and messages took5 milliseconds
Find all reader and writers took 72 milliseconds
Script Module: Unity.Analytics.DataPrivacy.dll
Weave sync objects took 6 milliseconds
Weave behaviours and messages took6 milliseconds
Find all reader and writers took 72 milliseconds
Script Module: UnityEditor.TestRunner.dll
Weave sync objects took 35 milliseconds
Weave behaviours and messages took36 milliseconds
Find all reader and writers took 81 milliseconds
Script Module: UnityEditor.UI.dll
Weave sync objects took 20 milliseconds
Weave behaviours and messages took21 milliseconds
Find all reader and writers took 81 milliseconds
Script Module: UnityEditor.XR.LegacyInputHelpers.dll
Weave sync objects took 21 milliseconds
Weave behaviours and messages took21 milliseconds
Find all reader and writers took 79 milliseconds
Script Module: Mirror.CompilerSymbols.dll
Weave sync objects took 0 milliseconds
Weave behaviours and messages took0 milliseconds
Find all reader and writers took 80 milliseconds
Script Module: UnityEditor.SpatialTracking.dll
Weave sync objects took 21 milliseconds
Weave behaviours and messages took21 milliseconds
Find all reader and writers took 80 milliseconds
Script Module: Analytics.dll
Weave sync objects took 0 milliseconds
Weave behaviours and messages took0 milliseconds
Mono: successfully reloaded assembly
- Completed reload, in  6.243 seconds
Platform modules already initialized, skipping
========================================================================
Worker process is ready to serve import requests
Launched and connected shader compiler UnityShaderCompiler.exe after 0.09 seconds
Refreshing native plugins compatible for Editor in 0.52 ms, found 0 plugins.
Preloading 0 native plugins for Editor in 0.00 ms.
Unloading 1861 Unused Serialized files (Serialized files now loaded: 0)
System memory in use before: 86.9 MB.
System memory in use after: 87.0 MB.

Unloading 26 unused Assets to reduce memory usage. Loaded Objects now: 2304.
Total: 6.135100 ms (FindLiveObjects: 0.211300 ms CreateObjectMapping: 0.049100 ms MarkObjects: 5.824600 ms  DeleteObjects: 0.048600 ms)

========================================================================
Received Import Request.
  path: Packages/com.unity.multiplayer-hlapi/package.json
  artifactKey: Guid(bdd47853ebfe747c3b8264a789d9b57e) Importer(815301076,1909f56bfc062723c751e8b465ee728b)
Start importing Packages/com.unity.multiplayer-hlapi/package.json using Guid(bdd47853ebfe747c3b8264a789d9b57e) Importer(815301076,1909f56bfc062723c751e8b465ee728b)  -> (artifact id: 'd4f3ace1d461346b2e4ef4ebbdee709c') in 0.054018 seconds
  Import took 0.057391 seconds .

========================================================================
Received Import Request.
  Time since last request: 0.000372 seconds.
  path: Packages/nuget.mono-cecil/Mono.Cecil.dll
  artifactKey: Guid(9c645c01fff7ef4408fce23b5ffb344d) Importer(815301076,1909f56bfc062723c751e8b465ee728b)
Start importing Packages/nuget.mono-cecil/Mono.Cecil.dll using Guid(9c645c01fff7ef4408fce23b5ffb344d) Importer(815301076,1909f56bfc062723c751e8b465ee728b)  -> (artifact id: '0c4cf3fca9e1860d0de8a01e4c5acd8a') in 0.012346 seconds
  Import took 0.015715 seconds .

========================================================================
Received Import Request.
  Time since last request: 0.000295 seconds.
  path: Packages/com.unity.test-framework/package.json
  artifactKey: Guid(d6a2e6e4803de7b43baacdc355fc144d) Importer(815301076,1909f56bfc062723c751e8b465ee728b)
Start importing Packages/com.unity.test-framework/package.json using Guid(d6a2e6e4803de7b43baacdc355fc144d) Importer(815301076,1909f56bfc062723c751e8b465ee728b)  -> (artifact id: '0d0f005cd3beac3f7fe5bd96315f26eb') in 0.006858 seconds
  Import took 0.010037 seconds .

========================================================================
Received Import Request.
  Time since last request: 0.000288 seconds.
  path: Packages/com.unity.postprocessing/package.json
  artifactKey: Guid(2705889b3a9580a47b334f039bfdcb00) Importer(815301076,1909f56bfc062723c751e8b465ee728b)
Start importing Packages/com.unity.postprocessing/package.json using Guid(2705889b3a9580a47b334f039bfdcb00) Importer(815301076,1909f56bfc062723c751e8b465ee728b)  -> (artifact id: '9fac6fde0cbe82108065f994a3af726e') in 0.007612 seconds
  Import took 0.011567 seconds .

========================================================================
Received Import Request.
  Time since last request: 0.000415 seconds.
  path: Packages/nuget.mono-cecil/package.json
  artifactKey: Guid(17a4fd582bf2d47479cf5c1508ca82c6) Importer(815301076,1909f56bfc062723c751e8b465ee728b)
Start importing Packages/nuget.mono-cecil/package.json using Guid(17a4fd582bf2d47479cf5c1508ca82c6) Importer(815301076,1909f56bfc062723c751e8b465ee728b)  -> (artifact id: '5189fbae58e446f31ee63f99588b76c0') in 0.006278 seconds
  Import took 0.011119 seconds .

